# JRE version: Java(TM) SE Runtime Environment (8.0_112-b16) (build 1.8.0_112-b16)
# Java VM: Java HotSpot(TM) 64-Bit Server VM (25.112-b16 mixed mode bsd-amd64 compressed oops)
Heap:
 PSYoungGen      total 56320K, used 15714K [0x000000076ab00000, 0x000000076f680000, 0x00000007c0000000)
  eden space 36352K, 1% used [0x000000076ab00000,0x000000076abb18a8,0x000000076ce80000)
  from space 19968K, 75% used [0x000000076e280000,0x000000076f127138,0x000000076f600000)
  to   space 20480K, 0% used [0x000000076ce80000,0x000000076ce80000,0x000000076e280000)
 ParOldGen       total 77824K, used 39648K [0x00000006c0000000, 0x00000006c4c00000, 0x000000076ab00000)
  object space 77824K, 50% used [0x00000006c0000000,0x00000006c26b8388,0x00000006c4c00000)
 Metaspace       used 23926K, capacity 24280K, committed 24704K, reserved 1071104K
  class space    used 2991K, capacity 3095K, committed 3200K, reserved 1048576K
GC Heap History (10 events):
Event: 5872.812 GC heap before
{Heap before GC invocations=37 (full 1):
 PSYoungGen      total 50688K, used 50426K [0x000000076ab00000, 0x000000076f800000, 0x00000007c0000000)
  eden space 39936K, 100% used [0x000000076ab00000,0x000000076d200000,0x000000076d200000)
  from space 10752K, 97% used [0x000000076d280000,0x000000076dcbe988,0x000000076dd00000)
  to   space 19456K, 0% used [0x000000076e500000,0x000000076e500000,0x000000076f800000)
 ParOldGen       total 77824K, used 39320K [0x00000006c0000000, 0x00000006c4c00000, 0x000000076ab00000)
  object space 77824K, 50% used [0x00000006c0000000,0x00000006c2666388,0x00000006c4c00000)
 Metaspace       used 23922K, capacity 24280K, committed 24704K, reserved 1071104K
  class space    used 2991K, capacity 3095K, committed 3200K, reserved 1048576K
Event: 5872.815 GC heap after
Heap after GC invocations=37 (full 1):
 PSYoungGen      total 57344K, used 9012K [0x000000076ab00000, 0x000000076f680000, 0x00000007c0000000)
  eden space 39424K, 0% used [0x000000076ab00000,0x000000076ab00000,0x000000076d180000)
  from space 17920K, 50% used [0x000000076e500000,0x000000076edcd398,0x000000076f680000)
  to   space 18944K, 0% used [0x000000076d180000,0x000000076d180000,0x000000076e400000)
 ParOldGen       total 77824K, used 39552K [0x00000006c0000000, 0x00000006c4c00000, 0x000000076ab00000)
  object space 77824K, 50% used [0x00000006c0000000,0x00000006c26a0388,0x00000006c4c00000)
 Metaspace       used 23922K, capacity 24280K, committed 24704K, reserved 1071104K
  class space    used 2991K, capacity 3095K, committed 3200K, reserved 1048576K
}
Event: 6906.664 GC heap before
{Heap before GC invocations=38 (full 1):
 PSYoungGen      total 57344K, used 48436K [0x000000076ab00000, 0x000000076f680000, 0x00000007c0000000)
  eden space 39424K, 100% used [0x000000076ab00000,0x000000076d180000,0x000000076d180000)
  from space 17920K, 50% used [0x000000076e500000,0x000000076edcd398,0x000000076f680000)
  to   space 18944K, 0% used [0x000000076d180000,0x000000076d180000,0x000000076e400000)
 ParOldGen       total 77824K, used 39552K [0x00000006c0000000, 0x00000006c4c00000, 0x000000076ab00000)
  object space 77824K, 50% used [0x00000006c0000000,0x00000006c26a0388,0x00000006c4c00000)
 Metaspace       used 23926K, capacity 24280K, committed 24704K, reserved 1071104K
  class space    used 2991K, capacity 3095K, committed 3200K, reserved 1048576K
Event: 6906.669 GC heap after
Heap after GC invocations=38 (full 1):
 PSYoungGen      total 48640K, used 9298K [0x000000076ab00000, 0x000000076f500000, 0x00000007c0000000)
  eden space 38912K, 0% used [0x000000076ab00000,0x000000076ab00000,0x000000076d100000)
  from space 9728K, 95% used [0x000000076d180000,0x000000076da94b88,0x000000076db00000)
  to   space 18432K, 0% used [0x000000076e300000,0x000000076e300000,0x000000076f500000)
 ParOldGen       total 77824K, used 39584K [0x00000006c0000000, 0x00000006c4c00000, 0x000000076ab00000)
  object space 77824K, 50% used [0x00000006c0000000,0x00000006c26a8388,0x00000006c4c00000)
 Metaspace       used 23926K, capacity 24280K, committed 24704K, reserved 1071104K
  class space    used 2991K, capacity 3095K, committed 3200K, reserved 1048576K
}
Event: 8081.326 GC heap before
{Heap before GC invocations=39 (full 1):
 PSYoungGen      total 48640K, used 48210K [0x000000076ab00000, 0x000000076f500000, 0x00000007c0000000)
  eden space 38912K, 100% used [0x000000076ab00000,0x000000076d100000,0x000000076d100000)
  from space 9728K, 95% used [0x000000076d180000,0x000000076da94b88,0x000000076db00000)
  to   space 18432K, 0% used [0x000000076e300000,0x000000076e300000,0x000000076f500000)
 ParOldGen       total 77824K, used 39584K [0x00000006c0000000, 0x00000006c4c00000, 0x000000076ab00000)
  object space 77824K, 50% used [0x00000006c0000000,0x00000006c26a8388,0x00000006c4c00000)
 Metaspace       used 23926K, capacity 24280K, committed 24704K, reserved 1071104K
  class space    used 2991K, capacity 3095K, committed 3200K, reserved 1048576K
Event: 8081.331 GC heap after
Heap after GC invocations=39 (full 1):
 PSYoungGen      total 55808K, used 16645K [0x000000076ab00000, 0x000000076f780000, 0x00000007c0000000)
  eden space 37376K, 0% used [0x000000076ab00000,0x000000076ab00000,0x000000076cf80000)
  from space 18432K, 90% used [0x000000076e300000,0x000000076f341490,0x000000076f500000)
  to   space 19968K, 0% used [0x000000076cf80000,0x000000076cf80000,0x000000076e300000)
 ParOldGen       total 77824K, used 39592K [0x00000006c0000000, 0x00000006c4c00000, 0x000000076ab00000)
  object space 77824K, 50% used [0x00000006c0000000,0x00000006c26aa388,0x00000006c4c00000)
 Metaspace       used 23926K, capacity 24280K, committed 24704K, reserved 1071104K
  class space    used 2991K, capacity 3095K, committed 3200K, reserved 1048576K
}
Event: 9304.479 GC heap before
{Heap before GC invocations=40 (full 1):
 PSYoungGen      total 55808K, used 54021K [0x000000076ab00000, 0x000000076f780000, 0x00000007c0000000)
  eden space 37376K, 100% used [0x000000076ab00000,0x000000076cf80000,0x000000076cf80000)
  from space 18432K, 90% used [0x000000076e300000,0x000000076f341490,0x000000076f500000)
  to   space 19968K, 0% used [0x000000076cf80000,0x000000076cf80000,0x000000076e300000)
 ParOldGen       total 77824K, used 39592K [0x00000006c0000000, 0x00000006c4c00000, 0x000000076ab00000)
  object space 77824K, 50% used [0x00000006c0000000,0x00000006c26aa388,0x00000006c4c00000)
 Metaspace       used 23926K, capacity 24280K, committed 24704K, reserved 1071104K
  class space    used 2991K, capacity 3095K, committed 3200K, reserved 1048576K
Event: 9304.484 GC heap after
Heap after GC invocations=40 (full 1):
 PSYoungGen      total 51200K, used 13994K [0x000000076ab00000, 0x000000076f600000, 0x00000007c0000000)
  eden space 36864K, 0% used [0x000000076ab00000,0x000000076ab00000,0x000000076cf00000)
  from space 14336K, 97% used [0x000000076cf80000,0x000000076dd2a818,0x000000076dd80000)
  to   space 19968K, 0% used [0x000000076e280000,0x000000076e280000,0x000000076f600000)
 ParOldGen       total 77824K, used 39600K [0x00000006c0000000, 0x00000006c4c00000, 0x000000076ab00000)
  object space 77824K, 50% used [0x00000006c0000000,0x00000006c26ac388,0x00000006c4c00000)
 Metaspace       used 23926K, capacity 24280K, committed 24704K, reserved 1071104K
  class space    used 2991K, capacity 3095K, committed 3200K, reserved 1048576K
}
Event: 10501.316 GC heap before
{Heap before GC invocations=41 (full 1):
 PSYoungGen      total 51200K, used 50858K [0x000000076ab00000, 0x000000076f600000, 0x00000007c0000000)
  eden space 36864K, 100% used [0x000000076ab00000,0x000000076cf00000,0x000000076cf00000)
  from space 14336K, 97% used [0x000000076cf80000,0x000000076dd2a818,0x000000076dd80000)
  to   space 19968K, 0% used [0x000000076e280000,0x000000076e280000,0x000000076f600000)
 ParOldGen       total 77824K, used 39600K [0x00000006c0000000, 0x00000006c4c00000, 0x000000076ab00000)
  object space 77824K, 50% used [0x00000006c0000000,0x00000006c26ac388,0x00000006c4c00000)
 Metaspace       used 23926K, capacity 24280K, committed 24704K, reserved 1071104K
  class space    used 2991K, capacity 3095K, committed 3200K, reserved 1048576K
Event: 10501.321 GC heap after
Heap after GC invocations=41 (full 1):
 PSYoungGen      total 56320K, used 15004K [0x000000076ab00000, 0x000000076f680000, 0x00000007c0000000)
  eden space 36352K, 0% used [0x000000076ab00000,0x000000076ab00000,0x000000076ce80000)
  from space 19968K, 75% used [0x000000076e280000,0x000000076f127138,0x000000076f600000)
  to   space 20480K, 0% used [0x000000076ce80000,0x000000076ce80000,0x000000076e280000)
 ParOldGen       total 77824K, used 39648K [0x00000006c0000000, 0x00000006c4c00000, 0x000000076ab00000)
  object space 77824K, 50% used [0x00000006c0000000,0x00000006c26b8388,0x00000006c4c00000)
 Metaspace       used 23926K, capacity 24280K, committed 24704K, reserved 1071104K
  class space    used 2991K, capacity 3095K, committed 3200K, reserved 1048576K
}

